<?xml version="1.0" encoding="UTF-8"?>
<!-- Generated by org.testng.reporters.JUnitReportReporter -->
<testsuite skipped="0" hostname="EBII432F1" name="org.cuskwake.ServicesTest" tests="1" failures="0" timestamp="03 Jan 2018 13:01:28 GMT" time="36.232" errors="0">
  <testcase name="serviceCushWake" time="36.232" classname="org.cuskwake.ServicesTest"/>
</testsuite> <!-- org.cuskwake.ServicesTest -->
