<?xml version="1.0" encoding="UTF-8"?>
<!-- Generated by org.testng.reporters.JUnitReportReporter -->
<testsuite skipped="0" hostname="EBII432F1" name="org.cuskwake.PropertyListingsTest" tests="1" failures="0" timestamp="03 Jan 2018 13:01:28 GMT" time="37.914" errors="0">
  <testcase name="aboutUsCushWake" time="37.914" classname="org.cuskwake.PropertyListingsTest"/>
</testsuite> <!-- org.cuskwake.PropertyListingsTest -->
